#
# There is insufficient memory for the Java Runtime Environment to continue.
# Native memory allocation (malloc) failed to allocate 829616 bytes. Error detail: Chunk::new
# Possible reasons:
#   The system is out of physical RAM or swap space
#   This process is running with CompressedOops enabled, and the Java Heap may be blocking the growth of the native heap
# Possible solutions:
#   Reduce memory load on the system
#   Increase physical memory or swap space
#   Check if swap backing store is full
#   Decrease Java heap size (-Xmx/-Xms)
#   Decrease number of Java threads
#   Decrease Java thread stack sizes (-Xss)
#   Set larger code cache with -XX:ReservedCodeCacheSize=
#   JVM is running with Unscaled Compressed Oops mode in which the Java heap is
#     placed in the first 4GB address space. The Java Heap base address is the
#     maximum limit for the native heap growth. Please use -XX:HeapBaseMinAddress
#     to set the Java Heap base and to place the Java Heap above 4GB virtual address.
# This output file may be truncated or incomplete.
#
#  Out of Memory Error (arena.cpp:168), pid=22828, tid=14856
#
# JRE version: OpenJDK Runtime Environment Temurin-21.0.7+6 (21.0.7+6) (build 21.0.7+6-LTS)
# Java VM: OpenJDK 64-Bit Server VM Temurin-21.0.7+6 (21.0.7+6-LTS, mixed mode, sharing, tiered, compressed oops, compressed class ptrs, parallel gc, windows-amd64)
# No core dump will be written. Minidumps are not enabled by default on client versions of Windows
#

---------------  S U M M A R Y ------------

Command Line: --add-modules=ALL-SYSTEM --add-opens=java.base/java.util=ALL-UNNAMED --add-opens=java.base/java.lang=ALL-UNNAMED --add-opens=java.base/sun.nio.fs=ALL-UNNAMED -Declipse.application=org.eclipse.jdt.ls.core.id1 -Dosgi.bundles.defaultStartLevel=4 -Declipse.product=org.eclipse.jdt.ls.core.product -Djava.import.generatesMetadataFilesAtProjectRoot=false -DDetectVMInstallationsJob.disabled=true -Dfile.encoding=utf8 -XX:+UseParallelGC -XX:GCTimeRatio=4 -XX:AdaptiveSizePolicyWeight=90 -Dsun.zip.disableMemoryMapping=true -Xmx2G -Xms100m -Xlog:disable -javaagent:c:\Users\gogat\.vscode\extensions\redhat.java-1.43.1-win32-x64\lombok\lombok-1.18.39-4050.jar c:\Users\gogat\.vscode\extensions\redhat.java-1.43.1-win32-x64\server\plugins\org.eclipse.equinox.launcher_1.7.0.v20250519-0528.jar -configuration c:\Users\gogat\AppData\Roaming\Code\User\globalStorage\redhat.java\1.43.1\config_ss_win -data c:\Users\gogat\AppData\Roaming\Code\User\workspaceStorage\6d2ceca92db76c98b3f07df7306ad46e\redhat.java\ss_ws --pipe=\\.\pipe\lsp-efe9cf79a5bf4fab2c065380341575a5-sock

Host: 12th Gen Intel(R) Core(TM) i5-1235U, 12 cores, 3G,  Windows 11 , 64 bit Build 26100 (10.0.26100.4768)
Time: Wed Jul 30 10:32:46 2025 India Standard Time elapsed time: 400.871351 seconds (0d 0h 6m 40s)

---------------  T H R E A D  ---------------

Current thread (0x000001e7fcdda750):  JavaThread "C2 CompilerThread0" daemon [_thread_in_native, id=14856, stack(0x000000b94ca00000,0x000000b94cb00000) (1024K)]


Current CompileTask:
C2:400881 4147       4       jdk.internal.jimage.ImageLocation::getFullName (109 bytes)

Stack: [0x000000b94ca00000,0x000000b94cb00000]
Native frames: (J=compiled Java code, j=interpreted, Vv=VM code, C=native code)
V  [jvm.dll+0x6ce119]
V  [jvm.dll+0x8a84a1]
V  [jvm.dll+0x8aa9ce]
V  [jvm.dll+0x8ab0b3]
V  [jvm.dll+0x27f8a6]
V  [jvm.dll+0xc507d]
V  [jvm.dll+0xc55b3]
V  [jvm.dll+0x3b68f2]
V  [jvm.dll+0x382aa5]
V  [jvm.dll+0x381f0a]
V  [jvm.dll+0x247af0]
V  [jvm.dll+0x2470cf]
V  [jvm.dll+0x1c760e]
V  [jvm.dll+0x25695a]
V  [jvm.dll+0x254efa]
V  [jvm.dll+0x3f03f6]
V  [jvm.dll+0x851f6b]
V  [jvm.dll+0x6cc7dd]
C  [ucrtbase.dll+0x37b0]
C  [KERNEL32.DLL+0x2e8d7]
C  [ntdll.dll+0x3c34c]


---------------  P R O C E S S  ---------------

Threads class SMR info:
_java_thread_list=0x000001e7fdd4ccb0, length=35, elements={
0x000001e7a34ccfc0, 0x000001e7fcdc44b0, 0x000001e7a347cc30, 0x000001e7fcdc7600,
0x000001e7fcdc8250, 0x000001e7fcdd0ed0, 0x000001e7fcdd4e90, 0x000001e7fcdda750,
0x000001e7fcddc6a0, 0x000001e7fcebe5e0, 0x000001e7fd153fa0, 0x000001e7fd51b300,
0x000001e7fd965dd0, 0x000001e7fd42d7a0, 0x000001e7fd45a860, 0x000001e7fd8a1f90,
0x000001e7fd3ad840, 0x000001e7fde18800, 0x000001e7fde18e90, 0x000001e7fde18170,
0x000001e7fde19bb0, 0x000001e7fde19520, 0x000001e7fde1a8d0, 0x000001e7fde1a240,
0x000001e7fde1af60, 0x000001e7fde17ae0, 0x000001e7fdc52c00, 0x000001e7fdc559f0,
0x000001e7fdc54640, 0x000001e7fdc56080, 0x000001e7fdc53920, 0x000001e7fdc55360,
0x000001e7fdc54cd0, 0x000001e7fdc56710, 0x000001e7fdc53290
}

Java Threads: ( => current thread )
  0x000001e7a34ccfc0 JavaThread "main"                              [_thread_blocked, id=25572, stack(0x000000b94c000000,0x000000b94c100000) (1024K)]
  0x000001e7fcdc44b0 JavaThread "Reference Handler"          daemon [_thread_blocked, id=22372, stack(0x000000b94c400000,0x000000b94c500000) (1024K)]
  0x000001e7a347cc30 JavaThread "Finalizer"                  daemon [_thread_blocked, id=5600, stack(0x000000b94c500000,0x000000b94c600000) (1024K)]
  0x000001e7fcdc7600 JavaThread "Signal Dispatcher"          daemon [_thread_blocked, id=24496, stack(0x000000b94c600000,0x000000b94c700000) (1024K)]
  0x000001e7fcdc8250 JavaThread "Attach Listener"            daemon [_thread_blocked, id=21948, stack(0x000000b94c700000,0x000000b94c800000) (1024K)]
  0x000001e7fcdd0ed0 JavaThread "Service Thread"             daemon [_thread_blocked, id=19300, stack(0x000000b94c800000,0x000000b94c900000) (1024K)]
  0x000001e7fcdd4e90 JavaThread "Monitor Deflation Thread"   daemon [_thread_blocked, id=23868, stack(0x000000b94c900000,0x000000b94ca00000) (1024K)]
=>0x000001e7fcdda750 JavaThread "C2 CompilerThread0"         daemon [_thread_in_native, id=14856, stack(0x000000b94ca00000,0x000000b94cb00000) (1024K)]
  0x000001e7fcddc6a0 JavaThread "C1 CompilerThread0"         daemon [_thread_blocked, id=24760, stack(0x000000b94cb00000,0x000000b94cc00000) (1024K)]
  0x000001e7fcebe5e0 JavaThread "Common-Cleaner"             daemon [_thread_blocked, id=1736, stack(0x000000b94cc00000,0x000000b94cd00000) (1024K)]
  0x000001e7fd153fa0 JavaThread "Notification Thread"        daemon [_thread_blocked, id=14260, stack(0x000000b94cd00000,0x000000b94ce00000) (1024K)]
  0x000001e7fd51b300 JavaThread "Active Thread: Equinox Container: 230fe6c7-05f0-40cc-9ebd-882c1b663ff2"        [_thread_blocked, id=23580, stack(0x000000b94d400000,0x000000b94d500000) (1024K)]
  0x000001e7fd965dd0 JavaThread "Framework Event Dispatcher: Equinox Container: 230fe6c7-05f0-40cc-9ebd-882c1b663ff2" daemon [_thread_blocked, id=8332, stack(0x000000b94d500000,0x000000b94d600000) (1024K)]
  0x000001e7fd42d7a0 JavaThread "Start Level: Equinox Container: 230fe6c7-05f0-40cc-9ebd-882c1b663ff2" daemon [_thread_blocked, id=25148, stack(0x000000b94d600000,0x000000b94d700000) (1024K)]
  0x000001e7fd45a860 JavaThread "SCR Component Actor"        daemon [_thread_blocked, id=8972, stack(0x000000b94d800000,0x000000b94d900000) (1024K)]
  0x000001e7fd8a1f90 JavaThread "Worker-JM"                         [_thread_blocked, id=10796, stack(0x000000b94da00000,0x000000b94db00000) (1024K)]
  0x000001e7fd3ad840 JavaThread "JNA Cleaner"                daemon [_thread_blocked, id=20976, stack(0x000000b94dd00000,0x000000b94de00000) (1024K)]
  0x000001e7fde18800 JavaThread "Worker-1"                          [_thread_blocked, id=23952, stack(0x000000b94d900000,0x000000b94da00000) (1024K)]
  0x000001e7fde18e90 JavaThread "Thread-3"                   daemon [_thread_in_native, id=14368, stack(0x000000b94e100000,0x000000b94e200000) (1024K)]
  0x000001e7fde18170 JavaThread "Thread-4"                   daemon [_thread_in_native, id=23784, stack(0x000000b94e200000,0x000000b94e300000) (1024K)]
  0x000001e7fde19bb0 JavaThread "Thread-5"                   daemon [_thread_in_native, id=15728, stack(0x000000b94e300000,0x000000b94e400000) (1024K)]
  0x000001e7fde19520 JavaThread "Thread-6"                   daemon [_thread_in_native, id=6168, stack(0x000000b94e400000,0x000000b94e500000) (1024K)]
  0x000001e7fde1a8d0 JavaThread "Thread-7"                   daemon [_thread_in_native, id=23648, stack(0x000000b94e500000,0x000000b94e600000) (1024K)]
  0x000001e7fde1a240 JavaThread "Thread-8"                   daemon [_thread_in_native, id=25172, stack(0x000000b94e600000,0x000000b94e700000) (1024K)]
  0x000001e7fde1af60 JavaThread "Thread-9"                   daemon [_thread_in_native, id=19716, stack(0x000000b94e700000,0x000000b94e800000) (1024K)]
  0x000001e7fde17ae0 JavaThread "Thread-10"                  daemon [_thread_in_native, id=21520, stack(0x000000b94e800000,0x000000b94e900000) (1024K)]
  0x000001e7fdc52c00 JavaThread "Thread-11"                  daemon [_thread_in_native, id=12260, stack(0x000000b94e900000,0x000000b94ea00000) (1024K)]
  0x000001e7fdc559f0 JavaThread "Thread-12"                  daemon [_thread_in_native, id=22740, stack(0x000000b94ea00000,0x000000b94eb00000) (1024K)]
  0x000001e7fdc54640 JavaThread "Thread-13"                  daemon [_thread_in_native, id=18044, stack(0x000000b94eb00000,0x000000b94ec00000) (1024K)]
  0x000001e7fdc56080 JavaThread "Thread-14"                  daemon [_thread_in_native, id=6344, stack(0x000000b94ec00000,0x000000b94ed00000) (1024K)]
  0x000001e7fdc53920 JavaThread "Thread-15"                  daemon [_thread_in_native, id=24608, stack(0x000000b94ed00000,0x000000b94ee00000) (1024K)]
  0x000001e7fdc55360 JavaThread "pool-2-thread-1"                   [_thread_blocked, id=23656, stack(0x000000b94ee00000,0x000000b94ef00000) (1024K)]
  0x000001e7fdc54cd0 JavaThread "WorkspaceEventsHandler"            [_thread_blocked, id=13084, stack(0x000000b94ef00000,0x000000b94f000000) (1024K)]
  0x000001e7fdc56710 JavaThread "pool-1-thread-1"                   [_thread_in_vm, id=16212, stack(0x000000b94f000000,0x000000b94f100000) (1024K)]
  0x000001e7fdc53290 JavaThread "Worker-2"                          [_thread_blocked, id=15536, stack(0x000000b94f100000,0x000000b94f200000) (1024K)]
Total: 35

Other Threads:
  0x000001e7a34654b0 VMThread "VM Thread"                           [id=25524, stack(0x000000b94c300000,0x000000b94c400000) (1024K)]
  0x000001e7a335ca00 WatcherThread "VM Periodic Task Thread"        [id=15668, stack(0x000000b94c200000,0x000000b94c300000) (1024K)]
  0x000001e7a34eb300 WorkerThread "GC Thread#0"                     [id=4300, stack(0x000000b94c100000,0x000000b94c200000) (1024K)]
  0x000001e7fd51ca50 WorkerThread "GC Thread#1"                     [id=9708, stack(0x000000b94ce00000,0x000000b94cf00000) (1024K)]
  0x000001e7fd2512c0 WorkerThread "GC Thread#2"                     [id=18076, stack(0x000000b94cf00000,0x000000b94d000000) (1024K)]
  0x000001e7fd251660 WorkerThread "GC Thread#3"                     [id=25228, stack(0x000000b94d000000,0x000000b94d100000) (1024K)]
  0x000001e7fd251a00 WorkerThread "GC Thread#4"                     [id=24036, stack(0x000000b94d100000,0x000000b94d200000) (1024K)]
  0x000001e7fd811a80 WorkerThread "GC Thread#5"                     [id=20820, stack(0x000000b94d200000,0x000000b94d300000) (1024K)]
  0x000001e7fd811e20 WorkerThread "GC Thread#6"                     [id=23712, stack(0x000000b94d300000,0x000000b94d400000) (1024K)]
  0x000001e7fd443c40 WorkerThread "GC Thread#7"                     [id=25020, stack(0x000000b94d700000,0x000000b94d800000) (1024K)]
  0x000001e7fd444720 WorkerThread "GC Thread#8"                     [id=10092, stack(0x000000b94db00000,0x000000b94dc00000) (1024K)]
  0x000001e7fd443160 WorkerThread "GC Thread#9"                     [id=25252, stack(0x000000b94dc00000,0x000000b94dd00000) (1024K)]
Total: 12

Threads with active compile tasks:
C2 CompilerThread0  402185 4147       4       jdk.internal.jimage.ImageLocation::getFullName (109 bytes)
Total: 1

VM state: not at safepoint (normal execution)

VM Mutex/Monitor currently owned by a thread: None

Heap address: 0x0000000080000000, size: 2048 MB, Compressed Oops mode: 32-bit

CDS archive(s) mapped at: [0x000001e7ba000000-0x000001e7baba0000-0x000001e7baba0000), size 12189696, SharedBaseAddress: 0x000001e7ba000000, ArchiveRelocationMode: 1.
Compressed class space mapped at: 0x000001e7bb000000-0x000001e7fb000000, reserved size: 1073741824
Narrow klass base: 0x000001e7ba000000, Narrow klass shift: 0, Narrow klass range: 0x100000000

GC Precious Log:
 CardTable entry size: 512
 CPUs: 12 total, 12 available
 Memory: 3767M
 Large Page Support: Disabled
 NUMA Support: Disabled
 Compressed Oops: Enabled (32-bit)
 Alignments: Space 512K, Generation 512K, Heap 2M
 Heap Min Capacity: 100M
 Heap Initial Capacity: 100M
 Heap Max Capacity: 2G
 Pre-touch: Disabled
 Parallel Workers: 10

Heap:
 PSYoungGen      total 24576K, used 21647K [0x00000000d5580000, 0x00000000d7180000, 0x0000000100000000)
  eden space 22016K, 87% used [0x00000000d5580000,0x00000000d6856ed0,0x00000000d6b00000)
  from space 2560K, 92% used [0x00000000d6c80000,0x00000000d6eccf60,0x00000000d6f00000)
  to   space 2560K, 0% used [0x00000000d6f00000,0x00000000d6f00000,0x00000000d7180000)
 ParOldGen       total 68608K, used 15905K [0x0000000080000000, 0x0000000084300000, 0x00000000d5580000)
  object space 68608K, 23% used [0x0000000080000000,0x0000000080f88588,0x0000000084300000)
 Metaspace       used 31949K, committed 32832K, reserved 1114112K
  class space    used 3150K, committed 3520K, reserved 1048576K

Card table byte_map: [0x000001e7a2e70000,0x000001e7a3280000] _byte_map_base: 0x000001e7a2a70000

Marking Bits: (ParMarkBitMap*) 0x00007ff8947a31f0
 Begin Bits: [0x000001e7b5970000, 0x000001e7b7970000)
 End Bits:   [0x000001e7b7970000, 0x000001e7b9970000)

Polling page: 0x000001e7a12b0000

Metaspace:

Usage:
  Non-class:     28.12 MB used.
      Class:      3.08 MB used.
       Both:     31.20 MB used.

Virtual space:
  Non-class space:       64.00 MB reserved,      28.62 MB ( 45%) committed,  1 nodes.
      Class space:        1.00 GB reserved,       3.44 MB ( <1%) committed,  1 nodes.
             Both:        1.06 GB reserved,      32.06 MB (  3%) committed. 

Chunk freelists:
   Non-Class:  3.06 MB
       Class:  12.52 MB
        Both:  15.58 MB

MaxMetaspaceSize: unlimited
CompressedClassSpaceSize: 1.00 GB
Initial GC threshold: 21.00 MB
Current GC threshold: 35.00 MB
CDS: on
 - commit_granule_bytes: 65536.
 - commit_granule_words: 8192.
 - virtual_space_node_default_size: 8388608.
 - enlarge_chunks_in_place: 1.
 - use_allocation_guard: 0.


Internal statistics:

num_allocs_failed_limit: 3.
num_arena_births: 654.
num_arena_deaths: 14.
num_vsnodes_births: 2.
num_vsnodes_deaths: 0.
num_space_committed: 513.
num_space_uncommitted: 0.
num_chunks_returned_to_freelist: 17.
num_chunks_taken_from_freelist: 1900.
num_chunk_merges: 9.
num_chunk_splits: 1238.
num_chunks_enlarged: 811.
num_inconsistent_stats: 0.

CodeHeap 'non-profiled nmethods': size=120000Kb used=1794Kb max_used=1794Kb free=118205Kb
 bounds [0x000001e7ae190000, 0x000001e7ae400000, 0x000001e7b56c0000]
CodeHeap 'profiled nmethods': size=120000Kb used=8382Kb max_used=8382Kb free=111617Kb
 bounds [0x000001e7a66c0000, 0x000001e7a6ef0000, 0x000001e7adbf0000]
CodeHeap 'non-nmethods': size=5760Kb used=1355Kb max_used=1375Kb free=4404Kb
 bounds [0x000001e7adbf0000, 0x000001e7ade60000, 0x000001e7ae190000]
 total_blobs=4839 nmethods=4189 adapters=556
 compilation: enabled
              stopped_count=0, restarted_count=0
 full_count=0

Compilation events (20 events):
Event: 396.444 Thread 0x000001e7fcdda750 4143       4       jdk.internal.jrtfs.JrtFileSystem::checkNode (40 bytes)
Event: 396.452 Thread 0x000001e7fcdda750 nmethod 4143 0x000001e7ae34e310 code [0x000001e7ae34e580, 0x000001e7ae34f278]
Event: 396.452 Thread 0x000001e7fcdda750 4147       4       jdk.internal.jimage.ImageLocation::getFullName (109 bytes)
Event: 396.483 Thread 0x000001e7fcddc6a0 4148       3       java.lang.invoke.MethodHandleNatives$CallSiteContext::run (5 bytes)
Event: 396.483 Thread 0x000001e7fcddc6a0 nmethod 4148 0x000001e7a6ed5490 code [0x000001e7a6ed5640, 0x000001e7a6ed5778]
Event: 396.491 Thread 0x000001e7fcddc6a0 4149       3       jdk.internal.jimage.ImageReader$SharedImageReader::visitLocation (73 bytes)
Event: 396.492 Thread 0x000001e7fcddc6a0 nmethod 4149 0x000001e7a6ed5810 code [0x000001e7a6ed5ac0, 0x000001e7a6ed6820]
Event: 396.508 Thread 0x000001e7fcddc6a0 4153       3       java.util.ImmutableCollections$ListItr::hasNext (17 bytes)
Event: 397.494 Thread 0x000001e7fcddc6a0 nmethod 4153 0x000001e7a6ed6d10 code [0x000001e7a6ed6ea0, 0x000001e7a6ed7008]
Event: 397.494 Thread 0x000001e7fcddc6a0 4155       1       org.eclipse.core.runtime.Status::getSeverity (5 bytes)
Event: 397.494 Thread 0x000001e7fcddc6a0 nmethod 4155 0x000001e7ae34fc90 code [0x000001e7ae34fe20, 0x000001e7ae34fee8]
Event: 397.495 Thread 0x000001e7fcddc6a0 4159       3       org.eclipse.jdt.internal.core.util.Util::splitOn (134 bytes)
Event: 398.509 Thread 0x000001e7fcddc6a0 nmethod 4159 0x000001e7a6ed7090 code [0x000001e7a6ed7360, 0x000001e7a6ed8590]
Event: 398.509 Thread 0x000001e7fcddc6a0 4161       3       org.eclipse.jdt.internal.compiler.util.JrtFileSystem$2::preVisitDirectory (10 bytes)
Event: 398.509 Thread 0x000001e7fcddc6a0 nmethod 4161 0x000001e7a6ed8d10 code [0x000001e7a6ed8ec0, 0x000001e7a6ed9120]
Event: 398.509 Thread 0x000001e7fcddc6a0 4158       1       org.eclipse.jdt.internal.compiler.impl.CompilerOptions::getFirstSupportedJdkLevel (4 bytes)
Event: 398.509 Thread 0x000001e7fcddc6a0 nmethod 4158 0x000001e7ae34ff90 code [0x000001e7ae350120, 0x000001e7ae3501d0]
Event: 400.561 Thread 0x000001e7fcddc6a0 4164       3       org.eclipse.jdt.internal.core.util.WeakHashSet::cleanupGarbageCollectedValues (144 bytes)
Event: 400.562 Thread 0x000001e7fcddc6a0 nmethod 4164 0x000001e7a6ed9210 code [0x000001e7a6ed9420, 0x000001e7a6ed9d00]
Event: 400.562 Thread 0x000001e7fcddc6a0 4165       3       org.eclipse.jdt.internal.core.util.WeakHashSet::add (105 bytes)

GC Heap History (20 events):
Event: 4.756 GC heap before
{Heap before GC invocations=2 (full 0):
 PSYoungGen      total 29696K, used 28911K [0x00000000d5580000, 0x00000000d7680000, 0x0000000100000000)
  eden space 25600K, 100% used [0x00000000d5580000,0x00000000d6e80000,0x00000000d6e80000)
  from space 4096K, 80% used [0x00000000d6e80000,0x00000000d71bbf18,0x00000000d7280000)
  to   space 4096K, 0% used [0x00000000d7280000,0x00000000d7280000,0x00000000d7680000)
 ParOldGen       total 68608K, used 8K [0x0000000080000000, 0x0000000084300000, 0x00000000d5580000)
  object space 68608K, 0% used [0x0000000080000000,0x0000000080002000,0x0000000084300000)
 Metaspace       used 8127K, committed 8384K, reserved 1114112K
  class space    used 842K, committed 960K, reserved 1048576K
}
Event: 4.765 GC heap after
{Heap after GC invocations=2 (full 0):
 PSYoungGen      total 29696K, used 4091K [0x00000000d5580000, 0x00000000d7680000, 0x0000000100000000)
  eden space 25600K, 0% used [0x00000000d5580000,0x00000000d5580000,0x00000000d6e80000)
  from space 4096K, 99% used [0x00000000d7280000,0x00000000d767edb0,0x00000000d7680000)
  to   space 4096K, 0% used [0x00000000d6e80000,0x00000000d6e80000,0x00000000d7280000)
 ParOldGen       total 68608K, used 903K [0x0000000080000000, 0x0000000084300000, 0x00000000d5580000)
  object space 68608K, 1% used [0x0000000080000000,0x00000000800e1ea8,0x0000000084300000)
 Metaspace       used 8127K, committed 8384K, reserved 1114112K
  class space    used 842K, committed 960K, reserved 1048576K
}
Event: 6.522 GC heap before
{Heap before GC invocations=3 (full 0):
 PSYoungGen      total 29696K, used 29691K [0x00000000d5580000, 0x00000000d7680000, 0x0000000100000000)
  eden space 25600K, 100% used [0x00000000d5580000,0x00000000d6e80000,0x00000000d6e80000)
  from space 4096K, 99% used [0x00000000d7280000,0x00000000d767edb0,0x00000000d7680000)
  to   space 4096K, 0% used [0x00000000d6e80000,0x00000000d6e80000,0x00000000d7280000)
 ParOldGen       total 68608K, used 903K [0x0000000080000000, 0x0000000084300000, 0x00000000d5580000)
  object space 68608K, 1% used [0x0000000080000000,0x00000000800e1ea8,0x0000000084300000)
 Metaspace       used 12940K, committed 13440K, reserved 1114112K
  class space    used 1332K, committed 1536K, reserved 1048576K
}
Event: 6.531 GC heap after
{Heap after GC invocations=3 (full 0):
 PSYoungGen      total 29696K, used 4094K [0x00000000d5580000, 0x00000000d7680000, 0x0000000100000000)
  eden space 25600K, 0% used [0x00000000d5580000,0x00000000d5580000,0x00000000d6e80000)
  from space 4096K, 99% used [0x00000000d6e80000,0x00000000d727f940,0x00000000d7280000)
  to   space 4096K, 0% used [0x00000000d7280000,0x00000000d7280000,0x00000000d7680000)
 ParOldGen       total 68608K, used 2638K [0x0000000080000000, 0x0000000084300000, 0x00000000d5580000)
  object space 68608K, 3% used [0x0000000080000000,0x00000000802939f0,0x0000000084300000)
 Metaspace       used 12940K, committed 13440K, reserved 1114112K
  class space    used 1332K, committed 1536K, reserved 1048576K
}
Event: 14.408 GC heap before
{Heap before GC invocations=4 (full 0):
 PSYoungGen      total 29696K, used 29694K [0x00000000d5580000, 0x00000000d7680000, 0x0000000100000000)
  eden space 25600K, 100% used [0x00000000d5580000,0x00000000d6e80000,0x00000000d6e80000)
  from space 4096K, 99% used [0x00000000d6e80000,0x00000000d727f940,0x00000000d7280000)
  to   space 4096K, 0% used [0x00000000d7280000,0x00000000d7280000,0x00000000d7680000)
 ParOldGen       total 68608K, used 2638K [0x0000000080000000, 0x0000000084300000, 0x00000000d5580000)
  object space 68608K, 3% used [0x0000000080000000,0x00000000802939f0,0x0000000084300000)
 Metaspace       used 17030K, committed 17728K, reserved 1114112K
  class space    used 1740K, committed 2048K, reserved 1048576K
}
Event: 14.439 GC heap after
{Heap after GC invocations=4 (full 0):
 PSYoungGen      total 29696K, used 4092K [0x00000000d5580000, 0x00000000d7680000, 0x0000000100000000)
  eden space 25600K, 0% used [0x00000000d5580000,0x00000000d5580000,0x00000000d6e80000)
  from space 4096K, 99% used [0x00000000d7280000,0x00000000d767f208,0x00000000d7680000)
  to   space 4096K, 0% used [0x00000000d6e80000,0x00000000d6e80000,0x00000000d7280000)
 ParOldGen       total 68608K, used 4556K [0x0000000080000000, 0x0000000084300000, 0x00000000d5580000)
  object space 68608K, 6% used [0x0000000080000000,0x0000000080473238,0x0000000084300000)
 Metaspace       used 17030K, committed 17728K, reserved 1114112K
  class space    used 1740K, committed 2048K, reserved 1048576K
}
Event: 17.594 GC heap before
{Heap before GC invocations=5 (full 0):
 PSYoungGen      total 29696K, used 29692K [0x00000000d5580000, 0x00000000d7680000, 0x0000000100000000)
  eden space 25600K, 100% used [0x00000000d5580000,0x00000000d6e80000,0x00000000d6e80000)
  from space 4096K, 99% used [0x00000000d7280000,0x00000000d767f208,0x00000000d7680000)
  to   space 4096K, 0% used [0x00000000d6e80000,0x00000000d6e80000,0x00000000d7280000)
 ParOldGen       total 68608K, used 4556K [0x0000000080000000, 0x0000000084300000, 0x00000000d5580000)
  object space 68608K, 6% used [0x0000000080000000,0x0000000080473238,0x0000000084300000)
 Metaspace       used 20225K, committed 20928K, reserved 1114112K
  class space    used 1955K, committed 2304K, reserved 1048576K
}
Event: 17.606 GC heap after
{Heap after GC invocations=5 (full 0):
 PSYoungGen      total 29184K, used 4070K [0x00000000d5580000, 0x00000000d7800000, 0x0000000100000000)
  eden space 25088K, 0% used [0x00000000d5580000,0x00000000d5580000,0x00000000d6e00000)
  from space 4096K, 99% used [0x00000000d6e80000,0x00000000d72798f8,0x00000000d7280000)
  to   space 5120K, 0% used [0x00000000d7300000,0x00000000d7300000,0x00000000d7800000)
 ParOldGen       total 68608K, used 4669K [0x0000000080000000, 0x0000000084300000, 0x00000000d5580000)
  object space 68608K, 6% used [0x0000000080000000,0x000000008048f450,0x0000000084300000)
 Metaspace       used 20225K, committed 20928K, reserved 1114112K
  class space    used 1955K, committed 2304K, reserved 1048576K
}
Event: 17.696 GC heap before
{Heap before GC invocations=6 (full 0):
 PSYoungGen      total 29184K, used 10018K [0x00000000d5580000, 0x00000000d7800000, 0x0000000100000000)
  eden space 25088K, 23% used [0x00000000d5580000,0x00000000d5b4f0b0,0x00000000d6e00000)
  from space 4096K, 99% used [0x00000000d6e80000,0x00000000d72798f8,0x00000000d7280000)
  to   space 5120K, 0% used [0x00000000d7300000,0x00000000d7300000,0x00000000d7800000)
 ParOldGen       total 68608K, used 4669K [0x0000000080000000, 0x0000000084300000, 0x00000000d5580000)
  object space 68608K, 6% used [0x0000000080000000,0x000000008048f450,0x0000000084300000)
 Metaspace       used 20894K, committed 21504K, reserved 1114112K
  class space    used 2009K, committed 2304K, reserved 1048576K
}
Event: 17.702 GC heap after
{Heap after GC invocations=6 (full 0):
 PSYoungGen      total 29696K, used 4254K [0x00000000d5580000, 0x00000000d7780000, 0x0000000100000000)
  eden space 25088K, 0% used [0x00000000d5580000,0x00000000d5580000,0x00000000d6e00000)
  from space 4608K, 92% used [0x00000000d7300000,0x00000000d77279f8,0x00000000d7780000)
  to   space 4608K, 0% used [0x00000000d6e80000,0x00000000d6e80000,0x00000000d7300000)
 ParOldGen       total 68608K, used 4669K [0x0000000080000000, 0x0000000084300000, 0x00000000d5580000)
  object space 68608K, 6% used [0x0000000080000000,0x000000008048f450,0x0000000084300000)
 Metaspace       used 20894K, committed 21504K, reserved 1114112K
  class space    used 2009K, committed 2304K, reserved 1048576K
}
Event: 17.702 GC heap before
{Heap before GC invocations=7 (full 1):
 PSYoungGen      total 29696K, used 4254K [0x00000000d5580000, 0x00000000d7780000, 0x0000000100000000)
  eden space 25088K, 0% used [0x00000000d5580000,0x00000000d5580000,0x00000000d6e00000)
  from space 4608K, 92% used [0x00000000d7300000,0x00000000d77279f8,0x00000000d7780000)
  to   space 4608K, 0% used [0x00000000d6e80000,0x00000000d6e80000,0x00000000d7300000)
 ParOldGen       total 68608K, used 4669K [0x0000000080000000, 0x0000000084300000, 0x00000000d5580000)
  object space 68608K, 6% used [0x0000000080000000,0x000000008048f450,0x0000000084300000)
 Metaspace       used 20894K, committed 21504K, reserved 1114112K
  class space    used 2009K, committed 2304K, reserved 1048576K
}
Event: 18.194 GC heap after
{Heap after GC invocations=7 (full 1):
 PSYoungGen      total 29696K, used 0K [0x00000000d5580000, 0x00000000d7780000, 0x0000000100000000)
  eden space 25088K, 0% used [0x00000000d5580000,0x00000000d5580000,0x00000000d6e00000)
  from space 4608K, 0% used [0x00000000d7300000,0x00000000d7300000,0x00000000d7780000)
  to   space 4608K, 0% used [0x00000000d6e80000,0x00000000d6e80000,0x00000000d7300000)
 ParOldGen       total 68608K, used 8516K [0x0000000080000000, 0x0000000084300000, 0x00000000d5580000)
  object space 68608K, 12% used [0x0000000080000000,0x0000000080851150,0x0000000084300000)
 Metaspace       used 20882K, committed 21504K, reserved 1114112K
  class space    used 2005K, committed 2304K, reserved 1048576K
}
Event: 18.854 GC heap before
{Heap before GC invocations=8 (full 1):
 PSYoungGen      total 29696K, used 25088K [0x00000000d5580000, 0x00000000d7780000, 0x0000000100000000)
  eden space 25088K, 100% used [0x00000000d5580000,0x00000000d6e00000,0x00000000d6e00000)
  from space 4608K, 0% used [0x00000000d7300000,0x00000000d7300000,0x00000000d7780000)
  to   space 4608K, 0% used [0x00000000d6e80000,0x00000000d6e80000,0x00000000d7300000)
 ParOldGen       total 68608K, used 8516K [0x0000000080000000, 0x0000000084300000, 0x00000000d5580000)
  object space 68608K, 12% used [0x0000000080000000,0x0000000080851150,0x0000000084300000)
 Metaspace       used 22924K, committed 23552K, reserved 1114112K
  class space    used 2167K, committed 2432K, reserved 1048576K
}
Event: 18.858 GC heap after
{Heap after GC invocations=8 (full 1):
 PSYoungGen      total 27648K, used 2663K [0x00000000d5580000, 0x00000000d7480000, 0x0000000100000000)
  eden space 24576K, 0% used [0x00000000d5580000,0x00000000d5580000,0x00000000d6d80000)
  from space 3072K, 86% used [0x00000000d6e80000,0x00000000d7119cf0,0x00000000d7180000)
  to   space 3072K, 0% used [0x00000000d7180000,0x00000000d7180000,0x00000000d7480000)
 ParOldGen       total 68608K, used 8524K [0x0000000080000000, 0x0000000084300000, 0x00000000d5580000)
  object space 68608K, 12% used [0x0000000080000000,0x0000000080853150,0x0000000084300000)
 Metaspace       used 22924K, committed 23552K, reserved 1114112K
  class space    used 2167K, committed 2432K, reserved 1048576K
}
Event: 22.371 GC heap before
{Heap before GC invocations=9 (full 1):
 PSYoungGen      total 27648K, used 27239K [0x00000000d5580000, 0x00000000d7480000, 0x0000000100000000)
  eden space 24576K, 100% used [0x00000000d5580000,0x00000000d6d80000,0x00000000d6d80000)
  from space 3072K, 86% used [0x00000000d6e80000,0x00000000d7119cf0,0x00000000d7180000)
  to   space 3072K, 0% used [0x00000000d7180000,0x00000000d7180000,0x00000000d7480000)
 ParOldGen       total 68608K, used 8524K [0x0000000080000000, 0x0000000084300000, 0x00000000d5580000)
  object space 68608K, 12% used [0x0000000080000000,0x0000000080853150,0x0000000084300000)
 Metaspace       used 26584K, committed 27328K, reserved 1114112K
  class space    used 2564K, committed 2880K, reserved 1048576K
}
Event: 22.377 GC heap after
{Heap after GC invocations=9 (full 1):
 PSYoungGen      total 26624K, used 3046K [0x00000000d5580000, 0x00000000d7700000, 0x0000000100000000)
  eden space 23552K, 0% used [0x00000000d5580000,0x00000000d5580000,0x00000000d6c80000)
  from space 3072K, 99% used [0x00000000d7180000,0x00000000d7479a58,0x00000000d7480000)
  to   space 5120K, 0% used [0x00000000d6c80000,0x00000000d6c80000,0x00000000d7180000)
 ParOldGen       total 68608K, used 10102K [0x0000000080000000, 0x0000000084300000, 0x00000000d5580000)
  object space 68608K, 14% used [0x0000000080000000,0x00000000809ddb70,0x0000000084300000)
 Metaspace       used 26584K, committed 27328K, reserved 1114112K
  class space    used 2564K, committed 2880K, reserved 1048576K
}
Event: 31.022 GC heap before
{Heap before GC invocations=10 (full 1):
 PSYoungGen      total 26624K, used 26598K [0x00000000d5580000, 0x00000000d7700000, 0x0000000100000000)
  eden space 23552K, 100% used [0x00000000d5580000,0x00000000d6c80000,0x00000000d6c80000)
  from space 3072K, 99% used [0x00000000d7180000,0x00000000d7479a58,0x00000000d7480000)
  to   space 5120K, 0% used [0x00000000d6c80000,0x00000000d6c80000,0x00000000d7180000)
 ParOldGen       total 68608K, used 10102K [0x0000000080000000, 0x0000000084300000, 0x00000000d5580000)
  object space 68608K, 14% used [0x0000000080000000,0x00000000809ddb70,0x0000000084300000)
 Metaspace       used 29481K, committed 30464K, reserved 1114112K
  class space    used 2890K, committed 3328K, reserved 1048576K
}
Event: 31.057 GC heap after
{Heap after GC invocations=10 (full 1):
 PSYoungGen      total 27648K, used 4238K [0x00000000d5580000, 0x00000000d7500000, 0x0000000100000000)
  eden space 23040K, 0% used [0x00000000d5580000,0x00000000d5580000,0x00000000d6c00000)
  from space 4608K, 91% used [0x00000000d6c80000,0x00000000d70a39d8,0x00000000d7100000)
  to   space 4096K, 0% used [0x00000000d7100000,0x00000000d7100000,0x00000000d7500000)
 ParOldGen       total 68608K, used 10110K [0x0000000080000000, 0x0000000084300000, 0x00000000d5580000)
  object space 68608K, 14% used [0x0000000080000000,0x00000000809dfb70,0x0000000084300000)
 Metaspace       used 29481K, committed 30464K, reserved 1114112K
  class space    used 2890K, committed 3328K, reserved 1048576K
}
Event: 396.453 GC heap before
{Heap before GC invocations=11 (full 1):
 PSYoungGen      total 27648K, used 27278K [0x00000000d5580000, 0x00000000d7500000, 0x0000000100000000)
  eden space 23040K, 100% used [0x00000000d5580000,0x00000000d6c00000,0x00000000d6c00000)
  from space 4608K, 91% used [0x00000000d6c80000,0x00000000d70a39d8,0x00000000d7100000)
  to   space 4096K, 0% used [0x00000000d7100000,0x00000000d7100000,0x00000000d7500000)
 ParOldGen       total 68608K, used 10110K [0x0000000080000000, 0x0000000084300000, 0x00000000d5580000)
  object space 68608K, 14% used [0x0000000080000000,0x00000000809dfb70,0x0000000084300000)
 Metaspace       used 31577K, committed 32448K, reserved 1114112K
  class space    used 3095K, committed 3456K, reserved 1048576K
}
Event: 396.482 GC heap after
{Heap after GC invocations=11 (full 1):
 PSYoungGen      total 26112K, used 3239K [0x00000000d5580000, 0x00000000d7480000, 0x0000000100000000)
  eden space 22528K, 0% used [0x00000000d5580000,0x00000000d5580000,0x00000000d6b80000)
  from space 3584K, 90% used [0x00000000d7100000,0x00000000d7429cf8,0x00000000d7480000)
  to   space 4096K, 0% used [0x00000000d6c80000,0x00000000d6c80000,0x00000000d7080000)
 ParOldGen       total 68608K, used 12943K [0x0000000080000000, 0x0000000084300000, 0x00000000d5580000)
  object space 68608K, 18% used [0x0000000080000000,0x0000000080ca3c70,0x0000000084300000)
 Metaspace       used 31577K, committed 32448K, reserved 1114112K
  class space    used 3095K, committed 3456K, reserved 1048576K
}

Dll operation events (10 events):
Event: 0.093 Loaded shared library c:\Users\gogat\.vscode\extensions\redhat.java-1.43.1-win32-x64\jre\21.0.7-win32-x86_64\bin\java.dll
Event: 0.485 Loaded shared library c:\Users\gogat\.vscode\extensions\redhat.java-1.43.1-win32-x64\jre\21.0.7-win32-x86_64\bin\zip.dll
Event: 0.541 Loaded shared library C:\Users\gogat\.vscode\extensions\redhat.java-1.43.1-win32-x64\jre\21.0.7-win32-x86_64\bin\instrument.dll
Event: 0.556 Loaded shared library C:\Users\gogat\.vscode\extensions\redhat.java-1.43.1-win32-x64\jre\21.0.7-win32-x86_64\bin\net.dll
Event: 0.566 Loaded shared library C:\Users\gogat\.vscode\extensions\redhat.java-1.43.1-win32-x64\jre\21.0.7-win32-x86_64\bin\nio.dll
Event: 0.573 Loaded shared library C:\Users\gogat\.vscode\extensions\redhat.java-1.43.1-win32-x64\jre\21.0.7-win32-x86_64\bin\zip.dll
Event: 0.624 Loaded shared library C:\Users\gogat\.vscode\extensions\redhat.java-1.43.1-win32-x64\jre\21.0.7-win32-x86_64\bin\jimage.dll
Event: 0.816 Loaded shared library c:\Users\gogat\.vscode\extensions\redhat.java-1.43.1-win32-x64\jre\21.0.7-win32-x86_64\bin\verify.dll
Event: 4.769 Loaded shared library C:\Users\gogat\AppData\Roaming\Code\User\globalStorage\redhat.java\1.43.1\config_ss_win\org.eclipse.equinox.launcher\org.eclipse.equinox.launcher.win32.win32.x86_64_1.2.1300.v20250331-1702\eclipse_11911.dll
Event: 10.386 Loaded shared library C:\Users\gogat\AppData\Local\Temp\jna-98531570\jna3144769127149894414.dll

Deoptimization events (20 events):
Event: 396.352 Thread 0x000001e7fdc56710 Uncommon trap: trap_request=0xffffff45 fr.pc=0x000001e7ae33fb0c relative=0x000000000000056c
Event: 396.352 Thread 0x000001e7fdc56710 Uncommon trap: reason=unstable_if action=reinterpret pc=0x000001e7ae33fb0c method=jdk.internal.jimage.ImageReader$SharedImageReader.findNode(Ljava/lang/String;)Ljdk/internal/jimage/ImageReader$Node; @ 25 c2
Event: 396.352 Thread 0x000001e7fdc56710 DEOPT PACKING pc=0x000001e7ae33fb0c sp=0x000000b94f0fd810
Event: 396.352 Thread 0x000001e7fdc56710 DEOPT UNPACKING pc=0x000001e7adc43aa2 sp=0x000000b94f0fd7d8 mode 2
Event: 396.382 Thread 0x000001e7fdc56710 Uncommon trap: trap_request=0xffffff45 fr.pc=0x000001e7ae324ffc relative=0x00000000000000dc
Event: 396.382 Thread 0x000001e7fdc56710 Uncommon trap: reason=unstable_if action=reinterpret pc=0x000001e7ae324ffc method=java.lang.invoke.LambdaForm$BasicType.basicType(C)Ljava/lang/invoke/LambdaForm$BasicType; @ 1 c2
Event: 396.382 Thread 0x000001e7fdc56710 DEOPT PACKING pc=0x000001e7ae324ffc sp=0x000000b94f0fb810
Event: 396.382 Thread 0x000001e7fdc56710 DEOPT UNPACKING pc=0x000001e7adc43aa2 sp=0x000000b94f0fb7a8 mode 2
Event: 396.385 Thread 0x000001e7fdc56710 Uncommon trap: trap_request=0xffffff45 fr.pc=0x000001e7ae344764 relative=0x00000000000004c4
Event: 396.385 Thread 0x000001e7fdc56710 Uncommon trap: reason=unstable_if action=reinterpret pc=0x000001e7ae344764 method=jdk.internal.org.objectweb.asm.MethodWriter.visitVarInsn(II)V @ 230 c2
Event: 396.385 Thread 0x000001e7fdc56710 DEOPT PACKING pc=0x000001e7ae344764 sp=0x000000b94f0fb3e0
Event: 396.385 Thread 0x000001e7fdc56710 DEOPT UNPACKING pc=0x000001e7adc43aa2 sp=0x000000b94f0fb388 mode 2
Event: 396.392 Thread 0x000001e7fdc56710 Uncommon trap: trap_request=0xffffff45 fr.pc=0x000001e7ae33e760 relative=0x00000000000001a0
Event: 396.392 Thread 0x000001e7fdc56710 Uncommon trap: reason=unstable_if action=reinterpret pc=0x000001e7ae33e760 method=jdk.internal.jrtfs.JrtPath.normalize(Ljava/lang/String;)Ljava/lang/String; @ 78 c2
Event: 396.392 Thread 0x000001e7fdc56710 DEOPT PACKING pc=0x000001e7ae33e760 sp=0x000000b94f0fd190
Event: 396.392 Thread 0x000001e7fdc56710 DEOPT UNPACKING pc=0x000001e7adc43aa2 sp=0x000000b94f0fd110 mode 2
Event: 397.495 Thread 0x000001e7fdc56710 Uncommon trap: trap_request=0xffffff45 fr.pc=0x000001e7ae34cc00 relative=0x0000000000001200
Event: 397.495 Thread 0x000001e7fdc56710 Uncommon trap: reason=unstable_if action=reinterpret pc=0x000001e7ae34cc00 method=org.eclipse.jdt.internal.core.util.Util.splitOn(CLjava/lang/String;II)[Ljava/lang/String; @ 21 c2
Event: 397.495 Thread 0x000001e7fdc56710 DEOPT PACKING pc=0x000001e7ae34cc00 sp=0x000000b94f0fd0d0
Event: 397.495 Thread 0x000001e7fdc56710 DEOPT UNPACKING pc=0x000001e7adc43aa2 sp=0x000000b94f0fd098 mode 2

Classes loaded (20 events):
Event: 395.269 Loading class java/nio/file/FileTreeWalker$Event
Event: 395.269 Loading class java/nio/file/FileTreeWalker$Event done
Event: 395.269 Loading class java/nio/file/FileTreeWalker$EventType
Event: 395.269 Loading class java/nio/file/FileTreeWalker$EventType done
Event: 395.270 Loading class java/nio/file/Files$3
Event: 395.270 Loading class java/nio/file/Files$3 done
Event: 395.270 Loading class java/nio/file/FileVisitResult
Event: 395.270 Loading class java/nio/file/FileVisitResult done
Event: 396.364 Loading class java/lang/runtime/ObjectMethods
Event: 396.365 Loading class java/lang/runtime/ObjectMethods done
Event: 396.369 Loading class java/lang/invoke/MethodHandleImpl$Makers
Event: 396.370 Loading class java/lang/invoke/MethodHandleImpl$Makers done
Event: 396.370 Loading class java/lang/invoke/MethodHandleImpl$Makers$1
Event: 396.370 Loading class java/lang/invoke/MethodHandleImpl$Makers$1 done
Event: 396.370 Loading class java/lang/invoke/MethodHandleImpl$Makers$2
Event: 396.370 Loading class java/lang/invoke/MethodHandleImpl$Makers$2 done
Event: 396.370 Loading class java/lang/invoke/MethodHandleImpl$Makers$3
Event: 396.370 Loading class java/lang/invoke/MethodHandleImpl$Makers$3 done
Event: 396.377 Loading class java/lang/runtime/ObjectMethods$1
Event: 396.377 Loading class java/lang/runtime/ObjectMethods$1 done

Classes unloaded (7 events):
Event: 17.715 Thread 0x000001e7a34654b0 Unloading class 0x000001e7bb189400 'java/lang/invoke/LambdaForm$MH+0x000001e7bb189400'
Event: 17.715 Thread 0x000001e7a34654b0 Unloading class 0x000001e7bb189000 'java/lang/invoke/LambdaForm$MH+0x000001e7bb189000'
Event: 17.716 Thread 0x000001e7a34654b0 Unloading class 0x000001e7bb188c00 'java/lang/invoke/LambdaForm$MH+0x000001e7bb188c00'
Event: 17.716 Thread 0x000001e7a34654b0 Unloading class 0x000001e7bb188800 'java/lang/invoke/LambdaForm$MH+0x000001e7bb188800'
Event: 17.716 Thread 0x000001e7a34654b0 Unloading class 0x000001e7bb188400 'java/lang/invoke/LambdaForm$BMH+0x000001e7bb188400'
Event: 17.716 Thread 0x000001e7a34654b0 Unloading class 0x000001e7bb188000 'java/lang/invoke/LambdaForm$DMH+0x000001e7bb188000'
Event: 17.716 Thread 0x000001e7a34654b0 Unloading class 0x000001e7bb186c00 'java/lang/invoke/LambdaForm$DMH+0x000001e7bb186c00'

Classes redefined (0 events):
No events

Internal exceptions (20 events):
Event: 22.942 Thread 0x000001e7fde18800 Exception <a 'java/lang/NoSuchMethodError'{0x00000000d62e8aa0}: 'java.lang.Object java.lang.invoke.DirectMethodHandle$Holder.invokeSpecial(java.lang.Object, java.lang.Object, java.lang.Object, java.lang.Object, int)'> (0x00000000d62e8aa0) 
thrown [s\src\hotspot\share\interpreter\linkResolver.cpp, line 773]
Event: 22.943 Thread 0x000001e7fde18800 Exception <a 'java/lang/NoSuchMethodError'{0x00000000d62ebf38}: 'java.lang.Object java.lang.invoke.Invokers$Holder.linkToTargetMethod(java.lang.Object, java.lang.Object, int, java.lang.Object)'> (0x00000000d62ebf38) 
thrown [s\src\hotspot\share\interpreter\linkResolver.cpp, line 773]
Event: 22.947 Thread 0x000001e7fde18800 Exception <a 'java/lang/NoSuchMethodError'{0x00000000d62f7618}: 'void java.lang.invoke.DirectMethodHandle$Holder.invokeStaticInit(java.lang.Object, java.lang.Object, java.lang.Object)'> (0x00000000d62f7618) 
thrown [s\src\hotspot\share\interpreter\linkResolver.cpp, line 773]
Event: 30.603 Thread 0x000001e7fdc56710 Exception <a 'java/lang/NoSuchMethodError'{0x00000000d672bdb8}: 'java.lang.Object java.lang.invoke.DirectMethodHandle$Holder.invokeInterface(java.lang.Object, java.lang.Object, java.lang.Object)'> (0x00000000d672bdb8) 
thrown [s\src\hotspot\share\interpreter\linkResolver.cpp, line 773]
Event: 30.904 Thread 0x000001e7fdc56710 Exception <a 'java/io/FileNotFoundException'{0x00000000d67b7538}> (0x00000000d67b7538) 
thrown [s\src\hotspot\share\prims\jni.cpp, line 520]
Event: 31.366 Thread 0x000001e7fdc56710 Exception <a 'sun/nio/fs/WindowsException'{0x00000000d5691ec0}> (0x00000000d5691ec0) 
thrown [s\src\hotspot\share\prims\jni.cpp, line 520]
Event: 32.217 Thread 0x000001e7fdc56710 Exception <a 'java/lang/IncompatibleClassChangeError'{0x00000000d59b8178}: Found class java.lang.Object, but interface was expected> (0x00000000d59b8178) 
thrown [s\src\hotspot\share\interpreter\linkResolver.cpp, line 840]
Event: 44.357 Thread 0x000001e7fdc56710 Exception <a 'java/lang/IncompatibleClassChangeError'{0x00000000d5aa5b50}: Found class java.lang.Object, but interface was expected> (0x00000000d5aa5b50) 
thrown [s\src\hotspot\share\interpreter\linkResolver.cpp, line 840]
Event: 395.179 Thread 0x000001e7fdc56710 Implicit null exception at 0x000001e7ae2e7577 to 0x000001e7ae2e77e8
Event: 395.182 Thread 0x000001e7fdc56710 Exception <a 'java/lang/NoSuchMethodError'{0x00000000d5e7a968}: 'long java.lang.invoke.DirectMethodHandle$Holder.invokeStatic(java.lang.Object, java.lang.Object, int)'> (0x00000000d5e7a968) 
thrown [s\src\hotspot\share\interpreter\linkResolver.cpp, line 773]
Event: 395.187 Thread 0x000001e7fdc56710 Exception <a 'java/lang/NoSuchMethodError'{0x00000000d5e851e0}: 'java.lang.Object java.lang.invoke.DelegatingMethodHandle$Holder.reinvoke_L(java.lang.Object, int, long, java.lang.Object, java.lang.Object, int, java.lang.Object)'> (0x00000000d5e851e0) 
thrown [s\src\hotspot\share\interpreter\linkResolver.cpp, line 773]
Event: 396.366 Thread 0x000001e7fdc56710 Exception <a 'java/lang/NoSuchMethodError'{0x00000000d6424d88}: 'java.lang.Object java.lang.invoke.DirectMethodHandle$Holder.invokeStaticInit(java.lang.Object, java.lang.Object, java.lang.Object, java.lang.Object, java.lang.Object, java.lang.Object, java.lang.Object)'> (0x00000000d6424d88) 
thrown [s\src\hotspot\share\interpreter\linkResolver.cpp, line 773]
Event: 396.368 Thread 0x000001e7fdc56710 Exception <a 'java/lang/NoSuchMethodError'{0x00000000d6429d40}: 'java.lang.Object java.lang.invoke.Invokers$Holder.invoke_MT(java.lang.Object, java.lang.Object, java.lang.Object, java.lang.Object, java.lang.Object, java.lang.Object, java.lang.Object, java.lang.Object, java.lang.Object, java.lang.Object)'> (0x00000000d6429d40) 
thrown [s\src\hotspot\share\interpreter\linkResolver.cpp, line 773]
Event: 396.378 Thread 0x000001e7fdc56710 Exception <a 'java/lang/NoSuchMethodError'{0x00000000d6469f68}: 'int java.lang.invoke.DirectMethodHandle$Holder.invokeVirtual(java.lang.Object, java.lang.Object, java.lang.Object)'> (0x00000000d6469f68) 
thrown [s\src\hotspot\share\interpreter\linkResolver.cpp, line 773]
Event: 396.379 Thread 0x000001e7fdc56710 Exception <a 'java/lang/NoSuchMethodError'{0x00000000d646e310}: 'int java.lang.invoke.DirectMethodHandle$Holder.invokeStaticInit(java.lang.Object, int, int)'> (0x00000000d646e310) 
thrown [s\src\hotspot\share\interpreter\linkResolver.cpp, line 773]
Event: 396.382 Thread 0x000001e7fdc56710 Exception <a 'java/lang/NoSuchMethodError'{0x00000000d6475cf8}: 'int java.lang.invoke.DirectMethodHandle$Holder.invokeStaticInit(java.lang.Object, long, long)'> (0x00000000d6475cf8) 
thrown [s\src\hotspot\share\interpreter\linkResolver.cpp, line 773]
Event: 396.382 Thread 0x000001e7fdc56710 Exception <a 'java/lang/NoSuchMethodError'{0x00000000d647ca40}: 'int java.lang.invoke.DirectMethodHandle$Holder.invokeStaticInit(java.lang.Object, float, float)'> (0x00000000d647ca40) 
thrown [s\src\hotspot\share\interpreter\linkResolver.cpp, line 773]
Event: 396.383 Thread 0x000001e7fdc56710 Exception <a 'java/lang/NoSuchMethodError'{0x00000000d6483780}: 'int java.lang.invoke.DirectMethodHandle$Holder.invokeStaticInit(java.lang.Object, double, double)'> (0x00000000d6483780) 
thrown [s\src\hotspot\share\interpreter\linkResolver.cpp, line 773]
Event: 396.384 Thread 0x000001e7fdc56710 Exception <a 'java/lang/NoSuchMethodError'{0x00000000d6487fd0}: 'int java.lang.invoke.DirectMethodHandle$Holder.invokeStatic(java.lang.Object, long)'> (0x00000000d6487fd0) 
thrown [s\src\hotspot\share\interpreter\linkResolver.cpp, line 773]
Event: 396.389 Thread 0x000001e7fdc56710 Exception <a 'java/lang/NoSuchMethodError'{0x00000000d64a6f48}: 'int java.lang.invoke.Invokers$Holder.linkToTargetMethod(java.lang.Object, java.lang.Object)'> (0x00000000d64a6f48) 
thrown [s\src\hotspot\share\interpreter\linkResolver.cpp, line 773]

ZGC Phase Switch (0 events):
No events

VM Operations (20 events):
Event: 311.880 Executing VM operation: Cleanup
Event: 311.881 Executing VM operation: Cleanup done
Event: 360.892 Executing VM operation: HandshakeAllThreads (HandshakeForDeflation)
Event: 360.896 Executing VM operation: HandshakeAllThreads (HandshakeForDeflation) done
Event: 360.897 Executing VM operation: RendezvousGCThreads
Event: 360.897 Executing VM operation: RendezvousGCThreads done
Event: 395.088 Executing VM operation: HandshakeAllThreads (Deoptimize)
Event: 395.090 Executing VM operation: HandshakeAllThreads (Deoptimize) done
Event: 395.091 Executing VM operation: Cleanup
Event: 395.091 Executing VM operation: Cleanup done
Event: 395.118 Executing VM operation: HandshakeAllThreads (Deoptimize)
Event: 395.118 Executing VM operation: HandshakeAllThreads (Deoptimize) done
Event: 395.231 Executing VM operation: HandshakeAllThreads (Deoptimize)
Event: 395.231 Executing VM operation: HandshakeAllThreads (Deoptimize) done
Event: 396.245 Executing VM operation: Cleanup
Event: 396.322 Executing VM operation: Cleanup done
Event: 396.452 Executing VM operation: ParallelGCFailedAllocation (Allocation Failure)
Event: 396.482 Executing VM operation: ParallelGCFailedAllocation (Allocation Failure) done
Event: 397.494 Executing VM operation: Cleanup
Event: 397.494 Executing VM operation: Cleanup done

Memory protections (0 events):
No events

Nmethod flushes (0 events):
No events

Events (20 events):
Event: 18.805 Thread 0x000001e7fd42d7a0 Thread added: 0x000001e7fde1a8d0
Event: 19.117 Thread 0x000001e7fde1a8d0 Thread exited: 0x000001e7fde1a8d0
Event: 20.032 Thread 0x000001e7a34ccfc0 Thread added: 0x000001e7fde18e90
Event: 20.033 Thread 0x000001e7a34ccfc0 Thread added: 0x000001e7fde18170
Event: 20.033 Thread 0x000001e7a34ccfc0 Thread added: 0x000001e7fde19bb0
Event: 20.033 Thread 0x000001e7a34ccfc0 Thread added: 0x000001e7fde19520
Event: 20.033 Thread 0x000001e7a34ccfc0 Thread added: 0x000001e7fde1a8d0
Event: 20.033 Thread 0x000001e7a34ccfc0 Thread added: 0x000001e7fde1a240
Event: 20.033 Thread 0x000001e7a34ccfc0 Thread added: 0x000001e7fde1af60
Event: 20.034 Thread 0x000001e7a34ccfc0 Thread added: 0x000001e7fde17ae0
Event: 20.034 Thread 0x000001e7a34ccfc0 Thread added: 0x000001e7fdc52c00
Event: 20.034 Thread 0x000001e7a34ccfc0 Thread added: 0x000001e7fdc559f0
Event: 20.034 Thread 0x000001e7a34ccfc0 Thread added: 0x000001e7fdc54640
Event: 20.034 Thread 0x000001e7a34ccfc0 Thread added: 0x000001e7fdc56080
Event: 20.034 Thread 0x000001e7a34ccfc0 Thread added: 0x000001e7fdc53920
Event: 20.075 Thread 0x000001e7a34ccfc0 Thread added: 0x000001e7fdc55360
Event: 22.534 Thread 0x000001e7a34ccfc0 Thread added: 0x000001e7fdc54cd0
Event: 22.534 Thread 0x000001e7a34ccfc0 Thread added: 0x000001e7fdc56710
Event: 22.906 Thread 0x000001e7fd3aeee0 Thread added: 0x000001e7fdc53290
Event: 92.644 Thread 0x000001e7fd3aeee0 Thread exited: 0x000001e7fd3aeee0


Dynamic libraries:
0x00007ff759270000 - 0x00007ff75927e000 	c:\Users\gogat\.vscode\extensions\redhat.java-1.43.1-win32-x64\jre\21.0.7-win32-x86_64\bin\java.exe
0x00007ff90f520000 - 0x00007ff90f787000 	C:\WINDOWS\SYSTEM32\ntdll.dll
0x00007ff90e8d0000 - 0x00007ff90e999000 	C:\WINDOWS\System32\KERNEL32.DLL
0x00007ff90c6f0000 - 0x00007ff90cae0000 	C:\WINDOWS\System32\KERNELBASE.dll
0x00007ff90cf60000 - 0x00007ff90d0ab000 	C:\WINDOWS\System32\ucrtbase.dll
0x00007ff904750000 - 0x00007ff904768000 	c:\Users\gogat\.vscode\extensions\redhat.java-1.43.1-win32-x64\jre\21.0.7-win32-x86_64\bin\jli.dll
0x00007ff8f3ea0000 - 0x00007ff8f3ebe000 	c:\Users\gogat\.vscode\extensions\redhat.java-1.43.1-win32-x64\jre\21.0.7-win32-x86_64\bin\VCRUNTIME140.dll
0x00007ff90d310000 - 0x00007ff90d4d5000 	C:\WINDOWS\System32\USER32.dll
0x00007ff90d280000 - 0x00007ff90d2a7000 	C:\WINDOWS\System32\win32u.dll
0x00007ff90f0a0000 - 0x00007ff90f0cb000 	C:\WINDOWS\System32\GDI32.dll
0x00007ff90d0b0000 - 0x00007ff90d1e8000 	C:\WINDOWS\System32\gdi32full.dll
0x00007ff8e8250000 - 0x00007ff8e84ea000 	C:\WINDOWS\WinSxS\amd64_microsoft.windows.common-controls_6595b64144ccf1df_6.0.26100.4768_none_3e0c112ce331287c\COMCTL32.dll
0x00007ff90cd30000 - 0x00007ff90cdd3000 	C:\WINDOWS\System32\msvcp_win.dll
0x00007ff90d4e0000 - 0x00007ff90d589000 	C:\WINDOWS\System32\msvcrt.dll
0x00007ff90d5b0000 - 0x00007ff90d5df000 	C:\WINDOWS\System32\IMM32.DLL
0x00007ff8f3e90000 - 0x00007ff8f3e9c000 	c:\Users\gogat\.vscode\extensions\redhat.java-1.43.1-win32-x64\jre\21.0.7-win32-x86_64\bin\vcruntime140_1.dll
0x00007ff89ba60000 - 0x00007ff89baed000 	c:\Users\gogat\.vscode\extensions\redhat.java-1.43.1-win32-x64\jre\21.0.7-win32-x86_64\bin\msvcp140.dll
0x00007ff893af0000 - 0x00007ff894880000 	c:\Users\gogat\.vscode\extensions\redhat.java-1.43.1-win32-x64\jre\21.0.7-win32-x86_64\bin\server\jvm.dll
0x00007ff90ead0000 - 0x00007ff90eb84000 	C:\WINDOWS\System32\ADVAPI32.dll
0x00007ff90e9a0000 - 0x00007ff90ea46000 	C:\WINDOWS\System32\sechost.dll
0x00007ff90e6a0000 - 0x00007ff90e7b8000 	C:\WINDOWS\System32\RPCRT4.dll
0x00007ff90ded0000 - 0x00007ff90df44000 	C:\WINDOWS\System32\WS2_32.dll
0x00007ff8f94b0000 - 0x00007ff8f94bb000 	C:\WINDOWS\SYSTEM32\VERSION.dll
0x00007ff904090000 - 0x00007ff9040c5000 	C:\WINDOWS\SYSTEM32\WINMM.dll
0x00007ff90c4b0000 - 0x00007ff90c50e000 	C:\WINDOWS\SYSTEM32\POWRPROF.dll
0x00007ff90c490000 - 0x00007ff90c4a4000 	C:\WINDOWS\SYSTEM32\UMPDC.dll
0x00007ff90b330000 - 0x00007ff90b34b000 	C:\WINDOWS\SYSTEM32\kernel.appcore.dll
0x00007ff8eaa70000 - 0x00007ff8eaa7a000 	c:\Users\gogat\.vscode\extensions\redhat.java-1.43.1-win32-x64\jre\21.0.7-win32-x86_64\bin\jimage.dll
0x00007ff909eb0000 - 0x00007ff90a0f1000 	C:\WINDOWS\SYSTEM32\DBGHELP.DLL
0x00007ff90ed10000 - 0x00007ff90f095000 	C:\WINDOWS\System32\combase.dll
0x00007ff90ec20000 - 0x00007ff90ed00000 	C:\WINDOWS\System32\OLEAUT32.dll
0x00007ff8e2d20000 - 0x00007ff8e2d63000 	C:\WINDOWS\SYSTEM32\dbgcore.DLL
0x00007ff90c650000 - 0x00007ff90c6e9000 	C:\WINDOWS\System32\bcryptPrimitives.dll
0x00007ff8eaa60000 - 0x00007ff8eaa6f000 	c:\Users\gogat\.vscode\extensions\redhat.java-1.43.1-win32-x64\jre\21.0.7-win32-x86_64\bin\instrument.dll
0x00007ff8e3aa0000 - 0x00007ff8e3abf000 	c:\Users\gogat\.vscode\extensions\redhat.java-1.43.1-win32-x64\jre\21.0.7-win32-x86_64\bin\java.dll
0x00007ff90df50000 - 0x00007ff90e69d000 	C:\WINDOWS\System32\SHELL32.dll
0x00007ff90caf0000 - 0x00007ff90cc63000 	C:\WINDOWS\System32\wintypes.dll
0x00007ff90a200000 - 0x00007ff90aa5f000 	C:\WINDOWS\SYSTEM32\windows.storage.dll
0x00007ff90d940000 - 0x00007ff90da35000 	C:\WINDOWS\System32\SHCORE.dll
0x00007ff90d670000 - 0x00007ff90d6da000 	C:\WINDOWS\System32\shlwapi.dll
0x00007ff90c570000 - 0x00007ff90c599000 	C:\WINDOWS\SYSTEM32\profapi.dll
0x00007ff8e3a80000 - 0x00007ff8e3a98000 	c:\Users\gogat\.vscode\extensions\redhat.java-1.43.1-win32-x64\jre\21.0.7-win32-x86_64\bin\zip.dll
0x00007ff8e3a70000 - 0x00007ff8e3a80000 	C:\Users\gogat\.vscode\extensions\redhat.java-1.43.1-win32-x64\jre\21.0.7-win32-x86_64\bin\net.dll
0x00007ff8fb6b0000 - 0x00007ff8fb7ce000 	C:\WINDOWS\SYSTEM32\WINHTTP.dll
0x00007ff90b960000 - 0x00007ff90b9cb000 	C:\WINDOWS\system32\mswsock.dll
0x00007ff8d4790000 - 0x00007ff8d47a6000 	C:\Users\gogat\.vscode\extensions\redhat.java-1.43.1-win32-x64\jre\21.0.7-win32-x86_64\bin\nio.dll
0x00007ff8e3140000 - 0x00007ff8e3150000 	c:\Users\gogat\.vscode\extensions\redhat.java-1.43.1-win32-x64\jre\21.0.7-win32-x86_64\bin\verify.dll
0x00007ff8991d0000 - 0x00007ff899215000 	C:\Users\gogat\AppData\Roaming\Code\User\globalStorage\redhat.java\1.43.1\config_ss_win\org.eclipse.equinox.launcher\org.eclipse.equinox.launcher.win32.win32.x86_64_1.2.1300.v20250331-1702\eclipse_11911.dll
0x00007ff90d6e0000 - 0x00007ff90d880000 	C:\WINDOWS\System32\ole32.dll
0x00007ff90bc20000 - 0x00007ff90bc3b000 	C:\WINDOWS\SYSTEM32\CRYPTSP.dll
0x00007ff90b350000 - 0x00007ff90b38b000 	C:\WINDOWS\system32\rsaenh.dll
0x00007ff90ba00000 - 0x00007ff90ba2b000 	C:\WINDOWS\SYSTEM32\USERENV.dll
0x00007ff90c540000 - 0x00007ff90c566000 	C:\WINDOWS\SYSTEM32\bcrypt.dll
0x00007ff90bc40000 - 0x00007ff90bc4c000 	C:\WINDOWS\SYSTEM32\CRYPTBASE.dll
0x00007ff90ada0000 - 0x00007ff90add3000 	C:\WINDOWS\SYSTEM32\IPHLPAPI.DLL
0x00007ff90e8c0000 - 0x00007ff90e8ca000 	C:\WINDOWS\System32\NSI.dll
0x00007ff8bd650000 - 0x00007ff8bd699000 	C:\Users\gogat\AppData\Local\Temp\jna-98531570\jna3144769127149894414.dll
0x00007ff90f2b0000 - 0x00007ff90f2b8000 	C:\WINDOWS\System32\PSAPI.DLL
0x00007ff8fbc50000 - 0x00007ff8fbc6f000 	C:\WINDOWS\SYSTEM32\dhcpcsvc6.DLL
0x00007ff8fbc20000 - 0x00007ff8fbc45000 	C:\WINDOWS\SYSTEM32\dhcpcsvc.DLL

dbghelp: loaded successfully - version: 4.0.5 - missing functions: none
symbol engine: initialized successfully - sym options: 0x614 - pdb path: .;c:\Users\gogat\.vscode\extensions\redhat.java-1.43.1-win32-x64\jre\21.0.7-win32-x86_64\bin;C:\WINDOWS\SYSTEM32;C:\WINDOWS\WinSxS\amd64_microsoft.windows.common-controls_6595b64144ccf1df_6.0.26100.4768_none_3e0c112ce331287c;c:\Users\gogat\.vscode\extensions\redhat.java-1.43.1-win32-x64\jre\21.0.7-win32-x86_64\bin\server;C:\Users\gogat\AppData\Roaming\Code\User\globalStorage\redhat.java\1.43.1\config_ss_win\org.eclipse.equinox.launcher\org.eclipse.equinox.launcher.win32.win32.x86_64_1.2.1300.v20250331-1702;C:\Users\gogat\AppData\Local\Temp\jna-98531570

VM Arguments:
jvm_args: --add-modules=ALL-SYSTEM --add-opens=java.base/java.util=ALL-UNNAMED --add-opens=java.base/java.lang=ALL-UNNAMED --add-opens=java.base/sun.nio.fs=ALL-UNNAMED -Declipse.application=org.eclipse.jdt.ls.core.id1 -Dosgi.bundles.defaultStartLevel=4 -Declipse.product=org.eclipse.jdt.ls.core.product -Djava.import.generatesMetadataFilesAtProjectRoot=false -DDetectVMInstallationsJob.disabled=true -Dfile.encoding=utf8 -XX:+UseParallelGC -XX:GCTimeRatio=4 -XX:AdaptiveSizePolicyWeight=90 -Dsun.zip.disableMemoryMapping=true -Xmx2G -Xms100m -Xlog:disable -javaagent:c:\Users\gogat\.vscode\extensions\redhat.java-1.43.1-win32-x64\lombok\lombok-1.18.39-4050.jar 
java_command: c:\Users\gogat\.vscode\extensions\redhat.java-1.43.1-win32-x64\server\plugins\org.eclipse.equinox.launcher_1.7.0.v20250519-0528.jar -configuration c:\Users\gogat\AppData\Roaming\Code\User\globalStorage\redhat.java\1.43.1\config_ss_win -data c:\Users\gogat\AppData\Roaming\Code\User\workspaceStorage\6d2ceca92db76c98b3f07df7306ad46e\redhat.java\ss_ws --pipe=\\.\pipe\lsp-efe9cf79a5bf4fab2c065380341575a5-sock
java_class_path (initial): c:\Users\gogat\.vscode\extensions\redhat.java-1.43.1-win32-x64\server\plugins\org.eclipse.equinox.launcher_1.7.0.v20250519-0528.jar
Launcher Type: SUN_STANDARD

[Global flags]
    uintx AdaptiveSizePolicyWeight                 = 90                                        {product} {command line}
     intx CICompilerCount                          = 4                                         {product} {ergonomic}
    uintx GCTimeRatio                              = 4                                         {product} {command line}
   size_t InitialHeapSize                          = 104857600                                 {product} {command line}
   size_t MaxHeapSize                              = 2147483648                                {product} {command line}
   size_t MaxNewSize                               = 715653120                                 {product} {ergonomic}
   size_t MinHeapDeltaBytes                        = 524288                                    {product} {ergonomic}
   size_t MinHeapSize                              = 104857600                                 {product} {command line}
   size_t NewSize                                  = 34603008                                  {product} {ergonomic}
    uintx NonNMethodCodeHeapSize                   = 5839372                                {pd product} {ergonomic}
    uintx NonProfiledCodeHeapSize                  = 122909434                              {pd product} {ergonomic}
   size_t OldSize                                  = 70254592                                  {product} {ergonomic}
    uintx ProfiledCodeHeapSize                     = 122909434                              {pd product} {ergonomic}
    uintx ReservedCodeCacheSize                    = 251658240                              {pd product} {ergonomic}
     bool SegmentedCodeCache                       = true                                      {product} {ergonomic}
   size_t SoftMaxHeapSize                          = 2147483648                             {manageable} {ergonomic}
     bool UseCompressedOops                        = true                           {product lp64_product} {ergonomic}
     bool UseLargePagesIndividualAllocation        = false                                  {pd product} {ergonomic}
     bool UseParallelGC                            = true                                      {product} {command line}

Logging:
Log output configuration:
 #0: stdout all=off uptime,level,tags foldmultilines=false
 #1: stderr all=off uptime,level,tags foldmultilines=false

Environment Variables:
PATH=C:\app\gogat\product\21c\dbhomeXE\bin;D:\app\gogat\product\11.1.0\db_1\bin;C:\Program Files\Common Files\Oracle\Java\javapath;C:\Program Files (x86)\Common Files\Oracle\Java\java8path;C:\Program Files (x86)\Common Files\Oracle\Java\javapath;C:\WINDOWS\system32;C:\WINDOWS;C:\WINDOWS\System32\Wbem;C:\WINDOWS\System32\WindowsPowerShell\v1.0\;C:\WINDOWS\System32\OpenSSH\;C:\Program Files\dotnet\;c:\Program Files (x86)\Microsoft SQL Server\100\Tools\Binn\;c:\Program Files\Microsoft SQL Server\100\Tools\Binn\;c:\Program Files\Microsoft SQL Server\100\DTS\Binn\;C:\Program Files\Microsoft SQL Server\150\Tools\Binn\;C:\Program Files\Microsoft SQL Server\Client SDK\ODBC\170\Tools\Binn\;C:\MinGW\bin;C:\MinGW\mingw32\bin;C:\xampp\htdocs\AdarshProjects;C:\Program Files\Git\cmd;C:\Program Files\Java\jdk-22\bin;C:\Program Files\nodejs\;C:\Program Files\nodejs;C:\Users\gogat\AppData\Roaming\mongodb\mongosh-2.3.3-win32-x64\bin;C:\Program Files (x86)\apache-maven-3.9.9\bin;C:\Program Files\Java\jdk-19\bin;C:\Users\gogat\AppData\Local\Microsoft\WindowsApps;C:\Users\gogat\.dotnet\tools;C:\Users\gogat\AppData\Roaming\npm;C:\Users\gogat\AppData\Local\Programs\Microsoft VS Code\bin;C:\MinGW\bin;C:\Users\gogat\AppData\Local\Programs\mongosh\;C:\flutter\bin;
USERNAME=gogat
OS=Windows_NT
PROCESSOR_IDENTIFIER=Intel64 Family 6 Model 154 Stepping 4, GenuineIntel
TMP=C:\Users\gogat\AppData\Local\Temp
TEMP=C:\Users\gogat\AppData\Local\Temp




Periodic native trim disabled

---------------  S Y S T E M  ---------------

OS:
 Windows 11 , 64 bit Build 26100 (10.0.26100.4768)
OS uptime: 0 days 1:14 hours
Hyper-V role detected

CPU: total 12 (initial active 12) (6 cores per cpu, 2 threads per core) family 6 model 154 stepping 4 microcode 0x42c, cx8, cmov, fxsr, ht, mmx, 3dnowpref, sse, sse2, sse3, ssse3, sse4.1, sse4.2, popcnt, lzcnt, tsc, tscinvbit, avx, avx2, aes, erms, clmul, bmi1, bmi2, adx, sha, fma, vzeroupper, clflush, clflushopt, clwb, hv, serialize, rdtscp, rdpid, fsrm, f16c, cet_ibt, cet_ss
Processor Information for processor 0
  Max Mhz: 1300, Current Mhz: 1300, Mhz Limit: 1300
Processor Information for processor 1
  Max Mhz: 1300, Current Mhz: 1300, Mhz Limit: 1300
Processor Information for processor 2
  Max Mhz: 1300, Current Mhz: 1300, Mhz Limit: 1300
Processor Information for processor 3
  Max Mhz: 1300, Current Mhz: 1300, Mhz Limit: 1300
Processor Information for processor 4
  Max Mhz: 1300, Current Mhz: 900, Mhz Limit: 897
Processor Information for processor 5
  Max Mhz: 1300, Current Mhz: 900, Mhz Limit: 897
Processor Information for processor 6
  Max Mhz: 1300, Current Mhz: 900, Mhz Limit: 897
Processor Information for processor 7
  Max Mhz: 1300, Current Mhz: 900, Mhz Limit: 897
Processor Information for processor 8
  Max Mhz: 1300, Current Mhz: 900, Mhz Limit: 897
Processor Information for processor 9
  Max Mhz: 1300, Current Mhz: 900, Mhz Limit: 897
Processor Information for processor 10
  Max Mhz: 1300, Current Mhz: 900, Mhz Limit: 897
Processor Information for processor 11
  Max Mhz: 1300, Current Mhz: 900, Mhz Limit: 897

Memory: 4k page, system-wide physical 3767M (292M free)
TotalPageFile size 15543M (AvailPageFile size 1M)
current process WorkingSet (physical memory assigned to process): 100M, peak: 128M
current process commit charge ("private bytes"): 286M, peak: 292M

vm_info: OpenJDK 64-Bit Server VM (21.0.7+6-LTS) for windows-amd64 JRE (21.0.7+6-LTS), built on 2025-04-15T00:00:00Z by "admin" with MS VC++ 17.7 (VS2022)

END.
